<?xml version="1.0" encoding="utf-8"?><testsuites name="pytest tests"><testsuite name="pytest" errors="0" failures="0" skipped="2" tests="170" time="27.557" timestamp="2026-02-27T11:18:19.545065+01:00" hostname="46c9287f6e7f"><testcase classname="tests.test_web_e2e.TestWebServiceE2E" name="test_analyze_accepts_case_insensitive_mode_with_whitespace" time="0.213" /><testcase classname="tests.test_web_e2e.TestWebServiceE2E" name="test_analyze_accepts_double_slashes_and_query" time="0.002" /><testcase classname="tests.test_web_e2e.TestWebServiceE2E" name="test_analyze_accepts_trailing_slash_and_query" time="0.001" /><testcase classname="tests.test_web_e2e.TestWebServiceE2E" name="test_analyze_accepts_valid_preferences_profile" time="0.002" /><testcase classname="tests.test_web_e2e.TestWebServiceE2E" name="test_analyze_happy_path" time="0.002" /><testcase classname="tests.test_web_e2e.TestWebServiceE2E" name="test_analyze_ignores_unknown_options_keys_as_additive_noop" time="0.001" /><testcase classname="tests.test_web_e2e.TestWebServiceE2E" name="test_analyze_runtime_personalization_changes_personalized_score" time="0.002" /><testcase classname="tests.test_web_e2e.TestWebServiceE2E" name="test_analyze_runtime_personalization_fallback_without_preferences" time="0.001" /><testcase classname="tests.test_web_e2e.TestWebServiceE2E" name="test_analyze_runtime_personalization_partial_when_zero_intensity" time="0.001" /><testcase classname="tests.test_web_e2e.TestWebServiceE2E" name="test_auth_accepts_case_insensitive_bearer_and_trimmed_whitespace" time="0.002" /><testcase classname="tests.test_web_e2e.TestWebServiceE2E" name="test_auth_rejects_malformed_bearer_headers" time="0.002" /><testcase classname="tests.test_web_e2e.TestWebServiceE2E" name="test_auth_required_for_analyze" time="0.001" /><testcase classname="tests.test_web_e2e.TestWebServiceE2E" name="test_bad_request_empty_body" time="0.001" /><testcase classname="tests.test_web_e2e.TestWebServiceE2E" name="test_bad_request_invalid_json_and_body_edgecases" time="0.003" /><testcase classname="tests.test_web_e2e.TestWebServiceE2E" name="test_bad_request_invalid_mode" time="0.001" /><testcase classname="tests.test_web_e2e.TestWebServiceE2E" name="test_bad_request_non_finite_timeout" time="0.001" /><testcase classname="tests.test_web_e2e.TestWebServiceE2E" name="test_bad_request_options_must_be_object_when_provided" time="0.003" /><testcase classname="tests.test_web_e2e.TestWebServiceE2E" name="test_bad_request_preferences_must_be_object_when_provided" time="0.003" /><testcase classname="tests.test_web_e2e.TestWebServiceE2E" name="test_bad_request_preferences_reject_invalid_enums_and_weights" time="0.011" /><testcase classname="tests.test_web_e2e.TestWebServiceE2E" name="test_get_endpoints_echo_request_id" time="0.001" /><testcase classname="tests.test_web_e2e.TestWebServiceE2E" name="test_health_and_version" time="0.001" /><testcase classname="tests.test_web_e2e.TestWebServiceE2E" name="test_health_and_version_accept_double_slashes" time="0.001" /><testcase classname="tests.test_web_e2e.TestWebServiceE2E" name="test_health_and_version_accept_trailing_slash_and_query" time="0.001" /><testcase classname="tests.test_web_e2e.TestWebServiceE2E" name="test_not_found" time="0.001" /><testcase classname="tests.test_web_e2e.TestWebServiceE2E" name="test_post_not_found_for_unknown_route" time="0.001" /><testcase classname="tests.test_web_e2e.TestWebServiceE2E" name="test_request_id_accepts_lowercase_underscore_primary_header_alias" time="0.001" /><testcase classname="tests.test_web_e2e.TestWebServiceE2E" name="test_request_id_accepts_short_primary_header_alias" time="0.001" /><testcase classname="tests.test_web_e2e.TestWebServiceE2E" name="test_request_id_accepts_short_primary_underscore_header_alias" time="0.001" /><testcase classname="tests.test_web_e2e.TestWebServiceE2E" name="test_request_id_accepts_underscore_primary_header" time="0.001" /><testcase classname="tests.test_web_e2e.TestWebServiceE2E" name="test_request_id_echoed_for_analyze_paths" time="0.001" /><testcase classname="tests.test_web_e2e.TestWebServiceE2E" name="test_request_id_falls_back_to_correlation_header_when_primary_contains_control_chars" time="0.001" /><testcase classname="tests.test_web_e2e.TestWebServiceE2E" name="test_request_id_falls_back_to_correlation_header_when_primary_contains_delimiters" time="0.001" /><testcase classname="tests.test_web_e2e.TestWebServiceE2E" name="test_request_id_falls_back_to_correlation_header_when_primary_contains_embedded_whitespace" time="0.001" /><testcase classname="tests.test_web_e2e.TestWebServiceE2E" name="test_request_id_falls_back_to_correlation_header_when_primary_contains_non_ascii" time="0.001" /><testcase classname="tests.test_web_e2e.TestWebServiceE2E" name="test_request_id_falls_back_to_correlation_header_when_primary_is_blank" time="0.001" /><testcase classname="tests.test_web_e2e.TestWebServiceE2E" name="test_request_id_falls_back_to_correlation_header_when_primary_is_too_long" time="0.001" /><testcase classname="tests.test_web_e2e.TestWebServiceE2E" name="test_request_id_falls_back_to_correlation_when_underscore_primary_is_invalid" time="0.001" /><testcase classname="tests.test_web_e2e.TestWebServiceE2E" name="test_request_id_falls_back_to_short_correlation_alias" time="0.001" /><testcase classname="tests.test_web_e2e.TestWebServiceE2E" name="test_request_id_falls_back_to_short_underscore_correlation_alias" time="0.001" /><testcase classname="tests.test_web_e2e.TestWebServiceE2E" name="test_request_id_falls_back_to_underscore_correlation_header" time="0.001" /><testcase classname="tests.test_web_e2e.TestWebServiceE2E" name="test_request_id_prefers_valid_underscore_primary_when_hyphen_primary_is_invalid" time="0.001" /><testcase classname="tests.test_web_e2e.TestWebServiceE2E" name="test_timeout_address_intel_and_internal_are_mapped" time="0.005" /><testcase classname="tests.test_web_e2e.TestWebServiceEnvPortFallback" name="test_health_works_with_web_port_fallback" time="0.207" /><testcase classname="tests.test_web_service_grouped_response.TestGroupedApiResult" name="test_separates_status_from_data_and_groups_by_source" time="0.001" /><testcase classname="tests.test_web_service_port_resolution.TestResolvePort" name="test_falls_back_to_web_port_when_port_missing_or_blank" time="0.001" /><testcase classname="tests.test_web_service_port_resolution.TestResolvePort" name="test_prefers_port_when_set" time="0.000" /><testcase classname="tests.test_web_service_port_resolution.TestResolvePort" name="test_raises_value_error_for_invalid_port_inputs" time="0.001" /><testcase classname="tests.test_remote_smoke_script.TestRemoteSmokeScript" name="test_smoke_script_accepts_boolean_request_id_echo_flag_aliases" time="0.550" /><testcase classname="tests.test_remote_smoke_script.TestRemoteSmokeScript" name="test_smoke_script_accepts_correlation_header_alias_for_request_id_mode" time="0.293" /><testcase classname="tests.test_remote_smoke_script.TestRemoteSmokeScript" name="test_smoke_script_accepts_correlation_header_underscore_alias_for_request_id_mode" time="0.327" /><testcase classname="tests.test_remote_smoke_script.TestRemoteSmokeScript" name="test_smoke_script_accepts_lowercase_correlation_underscore_alias_for_request_id_mode" time="0.348" /><testcase classname="tests.test_remote_smoke_script.TestRemoteSmokeScript" name="test_smoke_script_accepts_lowercase_request_underscore_alias_for_request_id_mode" time="0.324" /><testcase classname="tests.test_remote_smoke_script.TestRemoteSmokeScript" name="test_smoke_script_accepts_request_header_alias_for_request_id_mode" time="0.322" /><testcase classname="tests.test_remote_smoke_script.TestRemoteSmokeScript" name="test_smoke_script_accepts_request_header_underscore_alias_for_request_id_mode" time="0.321" /><testcase classname="tests.test_remote_smoke_script.TestRemoteSmokeScript" name="test_smoke_script_accepts_short_correlation_header_alias_for_request_id_mode" time="0.310" /><testcase classname="tests.test_remote_smoke_script.TestRemoteSmokeScript" name="test_smoke_script_accepts_short_correlation_underscore_alias_for_request_id_mode" time="0.301" /><testcase classname="tests.test_remote_smoke_script.TestRemoteSmokeScript" name="test_smoke_script_accepts_short_request_header_alias_for_request_id_mode" time="0.301" /><testcase classname="tests.test_remote_smoke_script.TestRemoteSmokeScript" name="test_smoke_script_accepts_short_request_header_underscore_alias_for_request_id_mode" time="0.325" /><testcase classname="tests.test_remote_smoke_script.TestRemoteSmokeScript" name="test_smoke_script_accepts_uppercase_http_scheme" time="0.331" /><testcase classname="tests.test_remote_smoke_script.TestRemoteSmokeScript" name="test_smoke_script_fails_without_token_when_auth_enabled" time="0.308" /><testcase classname="tests.test_remote_smoke_script.TestRemoteSmokeScript" name="test_smoke_script_generates_unique_default_request_id_when_system_time_is_constant" time="0.668" /><testcase classname="tests.test_remote_smoke_script.TestRemoteSmokeScript" name="test_smoke_script_handles_combined_scheme_case_reverse_suffix_chain_slash_and_whitespace" time="0.321" /><testcase classname="tests.test_remote_smoke_script.TestRemoteSmokeScript" name="test_smoke_script_handles_combined_scheme_case_suffix_chain_slash_and_whitespace" time="0.310" /><testcase classname="tests.test_remote_smoke_script.TestRemoteSmokeScript" name="test_smoke_script_normalizes_base_url_when_analyze_suffix_is_provided" time="0.312" /><testcase classname="tests.test_remote_smoke_script.TestRemoteSmokeScript" name="test_smoke_script_normalizes_base_url_when_health_suffix_is_provided" time="0.293" /><testcase classname="tests.test_remote_smoke_script.TestRemoteSmokeScript" name="test_smoke_script_normalizes_chained_analyze_and_health_suffixes" time="0.324" /><testcase classname="tests.test_remote_smoke_script.TestRemoteSmokeScript" name="test_smoke_script_normalizes_chained_health_and_analyze_suffixes" time="0.304" /><testcase classname="tests.test_remote_smoke_script.TestRemoteSmokeScript" name="test_smoke_script_normalizes_redundant_trailing_slashes_after_suffix_chain" time="0.329" /><testcase classname="tests.test_remote_smoke_script.TestRemoteSmokeScript" name="test_smoke_script_normalizes_repeated_forward_suffix_chain_with_internal_double_slash" time="0.346" /><testcase classname="tests.test_remote_smoke_script.TestRemoteSmokeScript" name="test_smoke_script_normalizes_repeated_health_analyze_suffix_chain" time="0.312" /><testcase classname="tests.test_remote_smoke_script.TestRemoteSmokeScript" name="test_smoke_script_normalizes_repeated_reverse_suffix_chain_with_internal_double_slash" time="0.335" /><testcase classname="tests.test_remote_smoke_script.TestRemoteSmokeScript" name="test_smoke_script_normalizes_repeated_reverse_suffix_chain_with_scheme_case_and_whitespace" time="0.337" /><testcase classname="tests.test_remote_smoke_script.TestRemoteSmokeScript" name="test_smoke_script_normalizes_smoke_mode_case_before_validation" time="0.323" /><testcase classname="tests.test_remote_smoke_script.TestRemoteSmokeScript" name="test_smoke_script_normalizes_suffixes_case_insensitively" time="0.325" /><testcase classname="tests.test_remote_smoke_script.TestRemoteSmokeScript" name="test_smoke_script_passes_with_valid_token" time="0.331" /><testcase classname="tests.test_remote_smoke_script.TestRemoteSmokeScript" name="test_smoke_script_rejects_base_url_with_embedded_whitespace" time="0.024" /><testcase classname="tests.test_remote_smoke_script.TestRemoteSmokeScript" name="test_smoke_script_rejects_base_url_with_non_numeric_port" time="0.254" /><testcase classname="tests.test_remote_smoke_script.TestRemoteSmokeScript" name="test_smoke_script_rejects_base_url_with_out_of_range_port" time="0.250" /><testcase classname="tests.test_remote_smoke_script.TestRemoteSmokeScript" name="test_smoke_script_rejects_base_url_with_query_or_fragment" time="0.227" /><testcase classname="tests.test_remote_smoke_script.TestRemoteSmokeScript" name="test_smoke_script_rejects_base_url_with_userinfo" time="0.241" /><testcase classname="tests.test_remote_smoke_script.TestRemoteSmokeScript" name="test_smoke_script_rejects_curl_max_time_below_smoke_timeout" time="0.215" /><testcase classname="tests.test_remote_smoke_script.TestRemoteSmokeScript" name="test_smoke_script_rejects_dev_api_auth_token_with_control_characters" time="0.275" /><testcase classname="tests.test_remote_smoke_script.TestRemoteSmokeScript" name="test_smoke_script_rejects_dev_api_auth_token_with_embedded_whitespace" time="0.284" /><testcase classname="tests.test_remote_smoke_script.TestRemoteSmokeScript" name="test_smoke_script_rejects_invalid_base_url_scheme" time="0.237" /><testcase classname="tests.test_remote_smoke_script.TestRemoteSmokeScript" name="test_smoke_script_rejects_invalid_request_id_echo_flag" time="0.215" /><testcase classname="tests.test_remote_smoke_script.TestRemoteSmokeScript" name="test_smoke_script_rejects_invalid_request_id_header_mode" time="0.206" /><testcase classname="tests.test_remote_smoke_script.TestRemoteSmokeScript" name="test_smoke_script_rejects_invalid_retry_count" time="0.189" /><testcase classname="tests.test_remote_smoke_script.TestRemoteSmokeScript" name="test_smoke_script_rejects_invalid_retry_delay" time="0.215" /><testcase classname="tests.test_remote_smoke_script.TestRemoteSmokeScript" name="test_smoke_script_rejects_invalid_smoke_timeout" time="0.193" /><testcase classname="tests.test_remote_smoke_script.TestRemoteSmokeScript" name="test_smoke_script_rejects_non_finite_curl_max_time" time="0.197" /><testcase classname="tests.test_remote_smoke_script.TestRemoteSmokeScript" name="test_smoke_script_rejects_non_finite_smoke_timeout" time="0.173" /><testcase classname="tests.test_remote_smoke_script.TestRemoteSmokeScript" name="test_smoke_script_rejects_output_json_path_when_parent_is_file" time="0.036" /><testcase classname="tests.test_remote_smoke_script.TestRemoteSmokeScript" name="test_smoke_script_rejects_output_json_path_when_target_is_directory" time="0.034" /><testcase classname="tests.test_remote_smoke_script.TestRemoteSmokeScript" name="test_smoke_script_rejects_output_json_path_with_control_characters" time="0.032" /><testcase classname="tests.test_remote_smoke_script.TestRemoteSmokeScript" name="test_smoke_script_rejects_request_id_header_mode_with_control_characters" time="0.181" /><testcase classname="tests.test_remote_smoke_script.TestRemoteSmokeScript" name="test_smoke_script_rejects_request_id_header_mode_with_embedded_whitespace" time="0.217" /><testcase classname="tests.test_remote_smoke_script.TestRemoteSmokeScript" name="test_smoke_script_rejects_request_id_longer_than_128_chars" time="0.153" /><testcase classname="tests.test_remote_smoke_script.TestRemoteSmokeScript" name="test_smoke_script_rejects_request_id_with_control_characters" time="0.135" /><testcase classname="tests.test_remote_smoke_script.TestRemoteSmokeScript" name="test_smoke_script_rejects_request_id_with_delimiters" time="0.145" /><testcase classname="tests.test_remote_smoke_script.TestRemoteSmokeScript" name="test_smoke_script_rejects_request_id_with_embedded_whitespace" time="0.152" /><testcase classname="tests.test_remote_smoke_script.TestRemoteSmokeScript" name="test_smoke_script_rejects_request_id_with_non_ascii_characters" time="0.163" /><testcase classname="tests.test_remote_smoke_script.TestRemoteSmokeScript" name="test_smoke_script_rejects_smoke_query_with_control_characters" time="0.120" /><testcase classname="tests.test_remote_smoke_script.TestRemoteSmokeScript" name="test_smoke_script_rejects_whitespace_only_base_url" time="0.012" /><testcase classname="tests.test_remote_smoke_script.TestRemoteSmokeScript" name="test_smoke_script_rejects_whitespace_only_dev_api_auth_token" time="0.279" /><testcase classname="tests.test_remote_smoke_script.TestRemoteSmokeScript" name="test_smoke_script_rejects_whitespace_only_output_json_path" time="0.030" /><testcase classname="tests.test_remote_smoke_script.TestRemoteSmokeScript" name="test_smoke_script_rejects_whitespace_only_request_id" time="0.130" /><testcase classname="tests.test_remote_smoke_script.TestRemoteSmokeScript" name="test_smoke_script_rejects_whitespace_only_request_id_header_mode" time="0.204" /><testcase classname="tests.test_remote_smoke_script.TestRemoteSmokeScript" name="test_smoke_script_rejects_whitespace_only_smoke_query" time="0.115" /><testcase classname="tests.test_remote_smoke_script.TestRemoteSmokeScript" name="test_smoke_script_supports_correlation_header_mode_for_request_id_echo" time="0.289" /><testcase classname="tests.test_remote_smoke_script.TestRemoteSmokeScript" name="test_smoke_script_trims_dev_api_auth_token_before_request" time="0.328" /><testcase classname="tests.test_remote_smoke_script.TestRemoteSmokeScript" name="test_smoke_script_trims_output_json_path_before_writing_curl_error_report" time="0.288" /><testcase classname="tests.test_remote_smoke_script.TestRemoteSmokeScript" name="test_smoke_script_trims_request_id_before_validation_and_echo_check" time="0.295" /><testcase classname="tests.test_remote_smoke_script.TestRemoteSmokeScript" name="test_smoke_script_trims_request_id_echo_flag_before_validation" time="0.337" /><testcase classname="tests.test_remote_smoke_script.TestRemoteSmokeScript" name="test_smoke_script_trims_request_id_header_mode_before_validation" time="0.282" /><testcase classname="tests.test_remote_smoke_script.TestRemoteSmokeScript" name="test_smoke_script_trims_retry_count_and_delay_before_validation" time="0.306" /><testcase classname="tests.test_remote_smoke_script.TestRemoteSmokeScript" name="test_smoke_script_trims_smoke_mode_before_validation" time="0.303" /><testcase classname="tests.test_remote_smoke_script.TestRemoteSmokeScript" name="test_smoke_script_trims_smoke_query_before_request" time="0.300" /><testcase classname="tests.test_remote_smoke_script.TestRemoteSmokeScript" name="test_smoke_script_trims_tab_wrapped_base_url_and_header_mode" time="0.310" /><testcase classname="tests.test_remote_smoke_script.TestRemoteSmokeScript" name="test_smoke_script_trims_timeout_and_curl_max_time_before_validation" time="0.323" /><testcase classname="tests.test_remote_smoke_script.TestRemoteSmokeScript" name="test_smoke_script_trims_whitespace_around_base_url" time="0.301" /><testcase classname="tests.test_remote_stability_script.TestRemoteStabilityScript" name="test_stability_runner_accepts_false_alias_for_stop_on_first_fail" time="1.190" /><testcase classname="tests.test_remote_stability_script.TestRemoteStabilityScript" name="test_stability_runner_accepts_health_suffix_in_base_url" time="0.772" /><testcase classname="tests.test_remote_stability_script.TestRemoteStabilityScript" name="test_stability_runner_accepts_true_alias_for_stop_on_first_fail" time="0.402" /><testcase classname="tests.test_remote_stability_script.TestRemoteStabilityScript" name="test_stability_runner_creates_missing_report_parent_directories" time="0.790" /><testcase classname="tests.test_remote_stability_script.TestRemoteStabilityScript" name="test_stability_runner_marks_missing_smoke_report_as_failure_even_with_rc_zero" time="0.100" /><testcase classname="tests.test_remote_stability_script.TestRemoteStabilityScript" name="test_stability_runner_marks_non_pass_report_as_failure_even_with_rc_zero" time="0.113" /><testcase classname="tests.test_remote_stability_script.TestRemoteStabilityScript" name="test_stability_runner_passes_for_two_successful_runs" time="0.750" /><testcase classname="tests.test_remote_stability_script.TestRemoteStabilityScript" name="test_stability_runner_rejects_invalid_stop_on_first_fail_flag" time="0.085" /><testcase classname="tests.test_remote_stability_script.TestRemoteStabilityScript" name="test_stability_runner_rejects_report_path_when_parent_is_file" time="0.076" /><testcase classname="tests.test_remote_stability_script.TestRemoteStabilityScript" name="test_stability_runner_rejects_report_path_when_target_is_directory" time="0.078" /><testcase classname="tests.test_remote_stability_script.TestRemoteStabilityScript" name="test_stability_runner_rejects_report_path_with_control_characters" time="0.072" /><testcase classname="tests.test_remote_stability_script.TestRemoteStabilityScript" name="test_stability_runner_rejects_smoke_script_override_when_path_is_directory" time="0.085" /><testcase classname="tests.test_remote_stability_script.TestRemoteStabilityScript" name="test_stability_runner_rejects_smoke_script_override_with_control_characters" time="0.070" /><testcase classname="tests.test_remote_stability_script.TestRemoteStabilityScript" name="test_stability_runner_rejects_whitespace_only_report_path" time="0.054" /><testcase classname="tests.test_remote_stability_script.TestRemoteStabilityScript" name="test_stability_runner_rejects_whitespace_only_smoke_script_override" time="0.057" /><testcase classname="tests.test_remote_stability_script.TestRemoteStabilityScript" name="test_stability_runner_resolves_relative_smoke_script_override_from_foreign_cwd" time="0.435" /><testcase classname="tests.test_remote_stability_script.TestRemoteStabilityScript" name="test_stability_runner_stops_on_first_failure_when_configured" time="0.382" /><testcase classname="tests.test_remote_stability_script.TestRemoteStabilityScript" name="test_stability_runner_trims_numeric_flags_before_validation" time="0.755" /><testcase classname="tests.test_remote_stability_script.TestRemoteStabilityScript" name="test_stability_runner_trims_report_path_before_write" time="0.755" /><testcase classname="tests.test_remote_stability_script.TestRemoteStabilityScript" name="test_stability_runner_trims_smoke_script_override_before_exec" time="0.419" /><testcase classname="tests.test_remote_stability_script.TestRemoteStabilityScript" name="test_stability_runner_trims_tab_wrapped_flags_before_validation" time="0.754" /><testcase classname="tests.test_web_e2e_dev.TestWebServiceE2EDev" name="test_dev_analyze_with_optional_auth" time="0.000"><skipped type="pytest.skip" message="DEV_BASE_URL nicht gesetzt">/data/.openclaw/workspace/geo-ranking-ch/tests/test_web_e2e_dev.py:46: DEV_BASE_URL nicht gesetzt</skipped></testcase><testcase classname="tests.test_web_e2e_dev.TestWebServiceE2EDev" name="test_dev_health_version_not_found" time="0.000"><skipped type="pytest.skip" message="DEV_BASE_URL nicht gesetzt">/data/.openclaw/workspace/geo-ranking-ch/tests/test_web_e2e_dev.py:33: DEV_BASE_URL nicht gesetzt</skipped></testcase></testsuite></testsuites>